<?xml version="1.0" encoding="UTF-8"?>
<testng-results skipped="0" failed="0" ignored="0" total="1" passed="1">
  <reporter-output>
  </reporter-output>
  <suite name="mavensuite" duration-ms="46" started-at="2017-10-25T02:07:22Z" finished-at="2017-10-25T02:07:22Z">
    <groups>
    </groups>
    <test name="maventest" duration-ms="46" started-at="2017-10-25T02:07:22Z" finished-at="2017-10-25T02:07:22Z">
      <class name="test.SampleMaven">
        <test-method status="PASS" signature="test()[pri:0, instance:test.SampleMaven@4bee09]" name="test" duration-ms="13" started-at="2017-10-25T07:37:22Z" finished-at="2017-10-25T07:37:22Z">
          <reporter-output>
          </reporter-output>
        </test-method> <!-- test -->
      </class> <!-- test.SampleMaven -->
    </test> <!-- maventest -->
  </suite> <!-- mavensuite -->
</testng-results>
