<?xml version="1.0" encoding="UTF-8"?>
<testng-results skipped="0" failed="0" ignored="0" total="1" passed="1">
  <reporter-output>
  </reporter-output>
  <suite name="Default suite" duration-ms="6830" started-at="2017-10-25T04:45:10Z" finished-at="2017-10-25T04:45:16Z">
    <groups>
    </groups>
    <test name="Default test" duration-ms="6830" started-at="2017-10-25T04:45:10Z" finished-at="2017-10-25T04:45:16Z">
      <class name="test.NewTest">
        <test-method status="PASS" signature="test()[pri:0, instance:test.NewTest@6093dd95]" name="test" duration-ms="6815" started-at="2017-10-25T10:15:10Z" finished-at="2017-10-25T10:15:16Z">
          <reporter-output>
          </reporter-output>
        </test-method> <!-- test -->
      </class> <!-- test.NewTest -->
    </test> <!-- Default test -->
  </suite> <!-- Default suite -->
</testng-results>
