<?xml version="1.0" encoding="UTF-8"?>
<testng-results skipped="0" failed="0" ignored="0" total="1" passed="1">
  <reporter-output>
  </reporter-output>
  <suite name="samplesuite" duration-ms="18320" started-at="2017-10-26T09:24:49Z" finished-at="2017-10-26T09:25:07Z">
    <groups>
    </groups>
    <test name="sampletest" duration-ms="18320" started-at="2017-10-26T09:24:49Z" finished-at="2017-10-26T09:25:07Z">
      <class name="test.NewTest">
        <test-method status="PASS" signature="test()[pri:0, instance:test.NewTest@366e2eef]" name="test" duration-ms="18308" started-at="2017-10-26T14:54:49Z" finished-at="2017-10-26T14:55:07Z">
          <reporter-output>
          </reporter-output>
        </test-method> <!-- test -->
      </class> <!-- test.NewTest -->
    </test> <!-- sampletest -->
  </suite> <!-- samplesuite -->
</testng-results>
